2020-10-21 04:53:29,716 INFO [Test worker] o.s.b.t.c.SpringBootTestContextBootstrapper [AbstractTestContextBootstrapper.java:308] Neither @ContextConfiguration nor @ContextHierarchy found for test class [org.dell.kube.pagesapi.HomeApiTest], using SpringBootContextLoader
2020-10-21 04:53:29,731 INFO [Test worker] o.s.t.c.s.AbstractContextLoader [AbstractContextLoader.java:264] Could not detect default resource locations for test class [org.dell.kube.pagesapi.HomeApiTest]: no resource found for suffixes {-context.xml, Context.groovy}.
2020-10-21 04:53:29,937 INFO [Test worker] o.s.b.t.c.SpringBootTestContextBootstrapper [AbstractTestContextBootstrapper.java:248] Loaded default TestExecutionListener class names from location [META-INF/spring.factories]: [org.springframework.boot.test.autoconfigure.restdocs.RestDocsTestExecutionListener, org.springframework.boot.test.autoconfigure.web.client.MockRestServiceServerResetTestExecutionListener, org.springframework.boot.test.autoconfigure.web.servlet.MockMvcPrintOnlyOnFailureTestExecutionListener, org.springframework.boot.test.autoconfigure.web.servlet.WebDriverTestExecutionListener, org.springframework.boot.test.autoconfigure.webservices.client.MockWebServiceServerTestExecutionListener, org.springframework.boot.test.mock.mockito.MockitoTestExecutionListener, org.springframework.boot.test.mock.mockito.ResetMocksTestExecutionListener, org.springframework.test.context.web.ServletTestExecutionListener, org.springframework.test.context.support.DirtiesContextBeforeModesTestExecutionListener, org.springframework.test.context.support.DependencyInjectionTestExecutionListener, org.springframework.test.context.support.DirtiesContextTestExecutionListener, org.springframework.test.context.transaction.TransactionalTestExecutionListener, org.springframework.test.context.jdbc.SqlScriptsTestExecutionListener, org.springframework.test.context.event.EventPublishingTestExecutionListener]
2020-10-21 04:53:29,953 INFO [Test worker] o.s.b.t.c.SpringBootTestContextBootstrapper [AbstractTestContextBootstrapper.java:177] Using TestExecutionListeners: [org.springframework.test.context.web.ServletTestExecutionListener@3bbe9e42, org.springframework.test.context.support.DirtiesContextBeforeModesTestExecutionListener@9f5d7a, org.springframework.boot.test.mock.mockito.MockitoTestExecutionListener@6bdbc6a5, org.springframework.boot.test.autoconfigure.SpringBootDependencyInjectionTestExecutionListener@7eaea9d9, org.springframework.test.context.support.DirtiesContextTestExecutionListener@312d64c0, org.springframework.test.context.transaction.TransactionalTestExecutionListener@4b238b12, org.springframework.test.context.jdbc.SqlScriptsTestExecutionListener@7e78923d, org.springframework.test.context.event.EventPublishingTestExecutionListener@75931c4a, org.springframework.boot.test.autoconfigure.restdocs.RestDocsTestExecutionListener@2f427d5c, org.springframework.boot.test.autoconfigure.web.client.MockRestServiceServerResetTestExecutionListener@78ee08bd, org.springframework.boot.test.autoconfigure.web.servlet.MockMvcPrintOnlyOnFailureTestExecutionListener@42bd94e7, org.springframework.boot.test.autoconfigure.web.servlet.WebDriverTestExecutionListener@2f21b1b6, org.springframework.boot.test.autoconfigure.webservices.client.MockWebServiceServerTestExecutionListener@13358193, org.springframework.boot.test.mock.mockito.ResetMocksTestExecutionListener@1b96d8a8]
2020-10-21 04:53:30,356 INFO [Test worker] o.d.k.p.HomeApiTest [StartupInfoLogger.java:55] Starting HomeApiTest on lin01 with PID 8717 (started by student in /home/student/workspace/pages)
2020-10-21 04:53:30,357 INFO [Test worker] o.d.k.p.HomeApiTest [SpringApplication.java:651] No active profile set, falling back to default profiles: default
2020-10-21 04:53:32,111 INFO [Test worker] o.s.b.w.e.t.TomcatWebServer [TomcatWebServer.java:108] Tomcat initialized with port(s): 0 (http)
2020-10-21 04:53:32,123 INFO [Test worker] o.a.c.h.Http11NioProtocol [DirectJDKLog.java:173] Initializing ProtocolHandler ["http-nio-auto-1"]
2020-10-21 04:53:32,124 INFO [Test worker] o.a.c.c.StandardService [DirectJDKLog.java:173] Starting service [Tomcat]
2020-10-21 04:53:32,124 INFO [Test worker] o.a.c.c.StandardEngine [DirectJDKLog.java:173] Starting Servlet engine: [Apache Tomcat/9.0.36]
2020-10-21 04:53:32,212 INFO [Test worker] o.a.c.c.C.[.[.[/] [DirectJDKLog.java:173] Initializing Spring embedded WebApplicationContext
2020-10-21 04:53:32,213 INFO [Test worker] o.s.b.w.s.c.ServletWebServerApplicationContext [ServletWebServerApplicationContext.java:285] Root WebApplicationContext: initialization completed in 1836 ms
2020-10-21 04:53:32,831 INFO [Test worker] o.s.s.c.ThreadPoolTaskExecutor [ExecutorConfigurationSupport.java:181] Initializing ExecutorService 'applicationTaskExecutor'
2020-10-21 04:53:33,323 INFO [Test worker] o.s.b.a.e.w.EndpointLinksResolver [EndpointLinksResolver.java:58] Exposing 2 endpoint(s) beneath base path '/actuator'
2020-10-21 04:53:33,384 INFO [Test worker] o.a.c.h.Http11NioProtocol [DirectJDKLog.java:173] Starting ProtocolHandler ["http-nio-auto-1"]
2020-10-21 04:53:33,411 INFO [Test worker] o.s.b.w.e.t.TomcatWebServer [TomcatWebServer.java:220] Tomcat started on port(s): 40709 (http) with context path ''
2020-10-21 04:53:33,428 INFO [Test worker] o.d.k.p.HomeApiTest [StartupInfoLogger.java:61] Started HomeApiTest in 3.434 seconds (JVM running for 4.936)
2020-10-21 04:53:33,895 INFO [http-nio-auto-1-exec-1] o.a.c.c.C.[.[.[/] [DirectJDKLog.java:173] Initializing Spring DispatcherServlet 'dispatcherServlet'
2020-10-21 04:53:33,896 INFO [http-nio-auto-1-exec-1] o.s.w.s.DispatcherServlet [FrameworkServlet.java:525] Initializing Servlet 'dispatcherServlet'
2020-10-21 04:53:33,914 INFO [http-nio-auto-1-exec-1] o.s.w.s.DispatcherServlet [FrameworkServlet.java:547] Completed initialization in 17 ms
2020-10-21 04:53:34,056 INFO [http-nio-auto-1-exec-2] c.z.h.HikariDataSource [HikariDataSource.java:110] HikariPool-1 - Starting...
2020-10-21 04:53:34,230 INFO [http-nio-auto-1-exec-2] c.z.h.HikariDataSource [HikariDataSource.java:123] HikariPool-1 - Start completed.
2020-10-21 04:53:34,334 INFO [Test worker] o.s.b.t.c.SpringBootTestContextBootstrapper [AbstractTestContextBootstrapper.java:308] Neither @ContextConfiguration nor @ContextHierarchy found for test class [org.dell.kube.pagesapi.PageApiTest], using SpringBootContextLoader
2020-10-21 04:53:34,336 INFO [Test worker] o.s.t.c.s.AbstractContextLoader [AbstractContextLoader.java:264] Could not detect default resource locations for test class [org.dell.kube.pagesapi.PageApiTest]: no resource found for suffixes {-context.xml, Context.groovy}.
2020-10-21 04:53:34,340 INFO [Test worker] o.s.b.t.c.SpringBootTestContextBootstrapper [AbstractTestContextBootstrapper.java:248] Loaded default TestExecutionListener class names from location [META-INF/spring.factories]: [org.springframework.boot.test.autoconfigure.restdocs.RestDocsTestExecutionListener, org.springframework.boot.test.autoconfigure.web.client.MockRestServiceServerResetTestExecutionListener, org.springframework.boot.test.autoconfigure.web.servlet.MockMvcPrintOnlyOnFailureTestExecutionListener, org.springframework.boot.test.autoconfigure.web.servlet.WebDriverTestExecutionListener, org.springframework.boot.test.autoconfigure.webservices.client.MockWebServiceServerTestExecutionListener, org.springframework.boot.test.mock.mockito.MockitoTestExecutionListener, org.springframework.boot.test.mock.mockito.ResetMocksTestExecutionListener, org.springframework.test.context.web.ServletTestExecutionListener, org.springframework.test.context.support.DirtiesContextBeforeModesTestExecutionListener, org.springframework.test.context.support.DependencyInjectionTestExecutionListener, org.springframework.test.context.support.DirtiesContextTestExecutionListener, org.springframework.test.context.transaction.TransactionalTestExecutionListener, org.springframework.test.context.jdbc.SqlScriptsTestExecutionListener, org.springframework.test.context.event.EventPublishingTestExecutionListener]
2020-10-21 04:53:34,343 INFO [Test worker] o.s.b.t.c.SpringBootTestContextBootstrapper [AbstractTestContextBootstrapper.java:177] Using TestExecutionListeners: [org.springframework.test.context.web.ServletTestExecutionListener@648bbb92, org.springframework.test.context.support.DirtiesContextBeforeModesTestExecutionListener@48e2dd19, org.springframework.boot.test.mock.mockito.MockitoTestExecutionListener@3e8d69d9, org.springframework.boot.test.autoconfigure.SpringBootDependencyInjectionTestExecutionListener@370889aa, org.springframework.test.context.support.DirtiesContextTestExecutionListener@e66f3f2, org.springframework.test.context.transaction.TransactionalTestExecutionListener@50b2ed32, org.springframework.test.context.jdbc.SqlScriptsTestExecutionListener@5a4955c, org.springframework.test.context.event.EventPublishingTestExecutionListener@7692099b, org.springframework.boot.test.autoconfigure.restdocs.RestDocsTestExecutionListener@4f529dd8, org.springframework.boot.test.autoconfigure.web.client.MockRestServiceServerResetTestExecutionListener@8ce327d, org.springframework.boot.test.autoconfigure.web.servlet.MockMvcPrintOnlyOnFailureTestExecutionListener@29e1484d, org.springframework.boot.test.autoconfigure.web.servlet.WebDriverTestExecutionListener@4fd9423b, org.springframework.boot.test.autoconfigure.webservices.client.MockWebServiceServerTestExecutionListener@14beba45, org.springframework.boot.test.mock.mockito.ResetMocksTestExecutionListener@6d9a3f75]
2020-10-21 04:53:34,477 INFO [http-nio-auto-1-exec-3] o.d.k.p.PageController [PageController.java:19] CREATE-INFO:Creating a new page
2020-10-21 04:53:34,537 INFO [http-nio-auto-1-exec-3] o.d.k.p.PageController [PageController.java:22] CREATE-INFO:Created a new page with id = 1
2020-10-21 04:53:34,549 INFO [http-nio-auto-1-exec-4] o.d.k.p.PageController [PageController.java:40] LIST-INFO:Fetching all pages
2020-10-21 04:53:34,653 INFO [http-nio-auto-1-exec-5] o.d.k.p.PageController [PageController.java:19] CREATE-INFO:Creating a new page
2020-10-21 04:53:34,663 INFO [http-nio-auto-1-exec-5] o.d.k.p.PageController [PageController.java:22] CREATE-INFO:Created a new page with id = 1
2020-10-21 04:53:34,679 INFO [http-nio-auto-1-exec-6] o.d.k.p.PageController [PageController.java:28] READ-INFO:Fetching page with id = 1
2020-10-21 04:53:34,750 INFO [http-nio-auto-1-exec-7] o.d.k.p.PageController [PageController.java:19] CREATE-INFO:Creating a new page
2020-10-21 04:53:34,759 INFO [http-nio-auto-1-exec-7] o.d.k.p.PageController [PageController.java:22] CREATE-INFO:Created a new page with id = 1
2020-10-21 04:53:34,821 INFO [http-nio-auto-1-exec-8] o.d.k.p.PageController [PageController.java:19] CREATE-INFO:Creating a new page
2020-10-21 04:53:34,831 INFO [http-nio-auto-1-exec-8] o.d.k.p.PageController [PageController.java:22] CREATE-INFO:Created a new page with id = 1
2020-10-21 04:53:34,843 INFO [http-nio-auto-1-exec-9] o.d.k.p.PageController [PageController.java:62] DELETE-INFO:Deleting the page with id = 1
2020-10-21 04:53:34,856 INFO [http-nio-auto-1-exec-9] o.d.k.p.PageController [PageController.java:65] DELETE-INFO:Deleted the page with id = 1
2020-10-21 04:53:34,863 INFO [http-nio-auto-1-exec-10] o.d.k.p.PageController [PageController.java:28] READ-INFO:Fetching page with id = 1
2020-10-21 04:53:34,866 ERROR [http-nio-auto-1-exec-10] o.d.k.p.PageController [PageController.java:34] READ-ERROR:Could not find page with id = 1
2020-10-21 04:53:34,913 INFO [http-nio-auto-1-exec-1] o.d.k.p.PageController [PageController.java:19] CREATE-INFO:Creating a new page
2020-10-21 04:53:34,923 INFO [http-nio-auto-1-exec-1] o.d.k.p.PageController [PageController.java:22] CREATE-INFO:Created a new page with id = 1
2020-10-21 04:53:34,930 INFO [http-nio-auto-1-exec-2] o.d.k.p.PageController [PageController.java:47] UPDATE-INFO:Updating the page with id = 1
2020-10-21 04:53:34,939 INFO [http-nio-auto-1-exec-2] o.d.k.p.PageController [PageController.java:51] UPDATE-INFO:Updated the page with id = 1
2020-10-21 04:53:34,949 INFO [Test worker] o.s.b.t.c.SpringBootTestContextBootstrapper [AbstractTestContextBootstrapper.java:308] Neither @ContextConfiguration nor @ContextHierarchy found for test class [org.dell.kube.pages.MySqlPageRepositoryTest], using SpringBootContextLoader
2020-10-21 04:53:34,950 INFO [Test worker] o.s.t.c.s.AbstractContextLoader [AbstractContextLoader.java:264] Could not detect default resource locations for test class [org.dell.kube.pages.MySqlPageRepositoryTest]: no resource found for suffixes {-context.xml, Context.groovy}.
2020-10-21 04:53:34,951 INFO [Test worker] o.s.t.c.s.AnnotationConfigContextLoaderUtils [AnnotationConfigContextLoaderUtils.java:83] Could not detect default configuration classes for test class [org.dell.kube.pages.MySqlPageRepositoryTest]: MySqlPageRepositoryTest does not declare any static, non-private, non-final, nested classes annotated with @Configuration.
2020-10-21 04:53:34,958 INFO [Test worker] o.s.b.t.c.SpringBootTestContextBootstrapper [SpringBootTestContextBootstrapper.java:237] Found @SpringBootConfiguration org.dell.kube.pages.PageApplication for test class org.dell.kube.pages.MySqlPageRepositoryTest
2020-10-21 04:53:34,960 INFO [Test worker] o.s.b.t.c.SpringBootTestContextBootstrapper [AbstractTestContextBootstrapper.java:248] Loaded default TestExecutionListener class names from location [META-INF/spring.factories]: [org.springframework.boot.test.autoconfigure.restdocs.RestDocsTestExecutionListener, org.springframework.boot.test.autoconfigure.web.client.MockRestServiceServerResetTestExecutionListener, org.springframework.boot.test.autoconfigure.web.servlet.MockMvcPrintOnlyOnFailureTestExecutionListener, org.springframework.boot.test.autoconfigure.web.servlet.WebDriverTestExecutionListener, org.springframework.boot.test.autoconfigure.webservices.client.MockWebServiceServerTestExecutionListener, org.springframework.boot.test.mock.mockito.MockitoTestExecutionListener, org.springframework.boot.test.mock.mockito.ResetMocksTestExecutionListener, org.springframework.test.context.web.ServletTestExecutionListener, org.springframework.test.context.support.DirtiesContextBeforeModesTestExecutionListener, org.springframework.test.context.support.DependencyInjectionTestExecutionListener, org.springframework.test.context.support.DirtiesContextTestExecutionListener, org.springframework.test.context.transaction.TransactionalTestExecutionListener, org.springframework.test.context.jdbc.SqlScriptsTestExecutionListener, org.springframework.test.context.event.EventPublishingTestExecutionListener]
2020-10-21 04:53:34,961 INFO [Test worker] o.s.b.t.c.SpringBootTestContextBootstrapper [AbstractTestContextBootstrapper.java:177] Using TestExecutionListeners: [org.springframework.test.context.web.ServletTestExecutionListener@3c0fe310, org.springframework.test.context.support.DirtiesContextBeforeModesTestExecutionListener@e156d5c, org.springframework.boot.test.mock.mockito.MockitoTestExecutionListener@2d0bcb44, org.springframework.boot.test.autoconfigure.SpringBootDependencyInjectionTestExecutionListener@76bd8be, org.springframework.test.context.support.DirtiesContextTestExecutionListener@443fac20, org.springframework.test.context.transaction.TransactionalTestExecutionListener@61655676, org.springframework.test.context.jdbc.SqlScriptsTestExecutionListener@1247e0f5, org.springframework.test.context.event.EventPublishingTestExecutionListener@4bb0642b, org.springframework.boot.test.autoconfigure.restdocs.RestDocsTestExecutionListener@72579fd1, org.springframework.boot.test.autoconfigure.web.client.MockRestServiceServerResetTestExecutionListener@39cab10b, org.springframework.boot.test.autoconfigure.web.servlet.MockMvcPrintOnlyOnFailureTestExecutionListener@14a7ae8f, org.springframework.boot.test.autoconfigure.web.servlet.WebDriverTestExecutionListener@5cfe110c, org.springframework.boot.test.autoconfigure.webservices.client.MockWebServiceServerTestExecutionListener@1219a455, org.springframework.boot.test.mock.mockito.ResetMocksTestExecutionListener@7eb70df4]
2020-10-21 04:53:34,987 INFO [Test worker] o.d.k.p.MySqlPageRepositoryTest [StartupInfoLogger.java:55] Starting MySqlPageRepositoryTest on lin01 with PID 8717 (started by student in /home/student/workspace/pages)
2020-10-21 04:53:34,987 INFO [Test worker] o.d.k.p.MySqlPageRepositoryTest [SpringApplication.java:651] No active profile set, falling back to default profiles: default
2020-10-21 04:53:35,795 INFO [Test worker] o.s.s.c.ThreadPoolTaskExecutor [ExecutorConfigurationSupport.java:181] Initializing ExecutorService 'applicationTaskExecutor'
2020-10-21 04:53:36,108 INFO [Test worker] o.s.b.a.e.w.EndpointLinksResolver [EndpointLinksResolver.java:58] Exposing 2 endpoint(s) beneath base path '/actuator'
2020-10-21 04:53:36,144 INFO [Test worker] o.d.k.p.MySqlPageRepositoryTest [StartupInfoLogger.java:61] Started MySqlPageRepositoryTest in 1.177 seconds (JVM running for 7.652)
2020-10-21 04:53:36,155 INFO [Test worker] c.z.h.HikariDataSource [HikariDataSource.java:110] HikariPool-2 - Starting...
2020-10-21 04:53:36,159 INFO [Test worker] c.z.h.HikariDataSource [HikariDataSource.java:123] HikariPool-2 - Start completed.
2020-10-21 04:53:36,451 INFO [Test worker] o.d.k.p.PageController [PageController.java:40] LIST-INFO:Fetching all pages
2020-10-21 04:53:36,469 INFO [Test worker] o.d.k.p.PageController [PageController.java:28] READ-INFO:Fetching page with id = 1
2020-10-21 04:53:36,472 INFO [Test worker] o.d.k.p.PageController [PageController.java:28] READ-INFO:Fetching page with id = 1
2020-10-21 04:53:36,472 ERROR [Test worker] o.d.k.p.PageController [PageController.java:34] READ-ERROR:Could not find page with id = 1
2020-10-21 04:53:36,475 INFO [Test worker] o.d.k.p.PageController [PageController.java:47] UPDATE-INFO:Updating the page with id = 1
2020-10-21 04:53:36,476 ERROR [Test worker] o.d.k.p.PageController [PageController.java:56] UPDATE-ERROR:Could not update the page with id = 1
2020-10-21 04:53:36,478 INFO [Test worker] o.d.k.p.PageController [PageController.java:19] CREATE-INFO:Creating a new page
2020-10-21 04:53:36,479 INFO [Test worker] o.d.k.p.PageController [PageController.java:22] CREATE-INFO:Created a new page with id = 1
2020-10-21 04:53:36,480 INFO [Test worker] o.d.k.p.PageController [PageController.java:62] DELETE-INFO:Deleting the page with id = 1
2020-10-21 04:53:36,481 INFO [Test worker] o.d.k.p.PageController [PageController.java:65] DELETE-INFO:Deleted the page with id = 1
2020-10-21 04:53:36,483 INFO [Test worker] o.d.k.p.PageController [PageController.java:47] UPDATE-INFO:Updating the page with id = 1
2020-10-21 04:53:36,483 INFO [Test worker] o.d.k.p.PageController [PageController.java:51] UPDATE-INFO:Updated the page with id = 1
2020-10-21 04:53:36,522 INFO [SpringContextShutdownHook] o.s.s.c.ThreadPoolTaskExecutor [ExecutorConfigurationSupport.java:218] Shutting down ExecutorService 'applicationTaskExecutor'
2020-10-21 04:53:36,532 INFO [SpringContextShutdownHook] c.z.h.HikariDataSource [HikariDataSource.java:350] HikariPool-2 - Shutdown initiated...
2020-10-21 04:53:36,533 INFO [SpringContextShutdownHook] o.s.s.c.ThreadPoolTaskExecutor [ExecutorConfigurationSupport.java:218] Shutting down ExecutorService 'applicationTaskExecutor'
2020-10-21 04:53:36,543 INFO [SpringContextShutdownHook] c.z.h.HikariDataSource [HikariDataSource.java:350] HikariPool-1 - Shutdown initiated...
2020-10-21 04:53:36,587 INFO [SpringContextShutdownHook] c.z.h.HikariDataSource [HikariDataSource.java:352] HikariPool-1 - Shutdown completed.
2020-10-21 04:53:36,597 INFO [SpringContextShutdownHook] c.z.h.HikariDataSource [HikariDataSource.java:352] HikariPool-2 - Shutdown completed.
2020-10-21 04:54:33,139 INFO [main] o.d.k.p.PageApplication [StartupInfoLogger.java:55] Starting PageApplication on lin01 with PID 9463 (/home/student/workspace/pages/build/classes/java/main started by student in /home/student/workspace/pages)
2020-10-21 04:54:33,142 INFO [main] o.d.k.p.PageApplication [SpringApplication.java:651] No active profile set, falling back to default profiles: default
2020-10-21 04:54:34,445 INFO [main] o.s.b.w.e.t.TomcatWebServer [TomcatWebServer.java:108] Tomcat initialized with port(s): 8080 (http)
2020-10-21 04:54:34,457 INFO [main] o.a.c.h.Http11NioProtocol [DirectJDKLog.java:173] Initializing ProtocolHandler ["http-nio-8080"]
2020-10-21 04:54:34,458 INFO [main] o.a.c.c.StandardService [DirectJDKLog.java:173] Starting service [Tomcat]
2020-10-21 04:54:34,459 INFO [main] o.a.c.c.StandardEngine [DirectJDKLog.java:173] Starting Servlet engine: [Apache Tomcat/9.0.36]
2020-10-21 04:54:34,530 INFO [main] o.a.c.c.C.[.[.[/] [DirectJDKLog.java:173] Initializing Spring embedded WebApplicationContext
2020-10-21 04:54:34,531 INFO [main] o.s.b.w.s.c.ServletWebServerApplicationContext [ServletWebServerApplicationContext.java:285] Root WebApplicationContext: initialization completed in 1338 ms
2020-10-21 04:54:34,883 INFO [main] o.s.s.c.ThreadPoolTaskExecutor [ExecutorConfigurationSupport.java:181] Initializing ExecutorService 'applicationTaskExecutor'
2020-10-21 04:54:35,098 INFO [main] o.s.b.a.e.w.EndpointLinksResolver [EndpointLinksResolver.java:58] Exposing 2 endpoint(s) beneath base path '/actuator'
2020-10-21 04:54:35,122 INFO [main] o.a.c.h.Http11NioProtocol [DirectJDKLog.java:173] Starting ProtocolHandler ["http-nio-8080"]
2020-10-21 04:54:35,141 INFO [main] o.s.b.w.e.t.TomcatWebServer [TomcatWebServer.java:220] Tomcat started on port(s): 8080 (http) with context path ''
2020-10-21 04:54:35,164 INFO [main] o.d.k.p.PageApplication [StartupInfoLogger.java:61] Started PageApplication in 2.359 seconds (JVM running for 2.806)
2020-10-21 05:12:23,666 INFO [SpringContextShutdownHook] o.s.s.c.ThreadPoolTaskExecutor [ExecutorConfigurationSupport.java:218] Shutting down ExecutorService 'applicationTaskExecutor'
